  ConsoleApplication2.cpp
C:\Users\yehia\source\repos\ConsoleApplication2\ConsoleApplication2\ConsoleApplication2.cpp(52,15): warning C4309: '=': truncation of constant value
C:\Users\yehia\source\repos\ConsoleApplication2\ConsoleApplication2\ConsoleApplication2.cpp(49,9): warning C4101: 'c': unreferenced local variable
C:\Users\yehia\source\repos\ConsoleApplication2\ConsoleApplication2\ConsoleApplication2.cpp(80,20): warning C4305: '=': truncation from 'int' to 'char'
C:\Users\yehia\source\repos\ConsoleApplication2\ConsoleApplication2\ConsoleApplication2.cpp(80,16): warning C4309: '=': truncation of constant value
C:\Users\yehia\source\repos\ConsoleApplication2\ConsoleApplication2\ConsoleApplication2.cpp(118,20): warning C4305: '=': truncation from 'int' to 'char'
C:\Users\yehia\source\repos\ConsoleApplication2\ConsoleApplication2\ConsoleApplication2.cpp(118,16): warning C4309: '=': truncation of constant value
C:\Users\yehia\source\repos\ConsoleApplication2\ConsoleApplication2\ConsoleApplication2.cpp(239,14): warning C4309: '=': truncation of constant value
C:\Users\yehia\source\repos\ConsoleApplication2\ConsoleApplication2\ConsoleApplication2.cpp(243,16): warning C4309: '=': truncation of constant value
C:\Users\yehia\source\repos\ConsoleApplication2\ConsoleApplication2\ConsoleApplication2.cpp(247,14): warning C4309: '=': truncation of constant value
C:\Users\yehia\source\repos\ConsoleApplication2\ConsoleApplication2\ConsoleApplication2.cpp(251,15): warning C4309: '=': truncation of constant value
C:\Users\yehia\source\repos\ConsoleApplication2\ConsoleApplication2\ConsoleApplication2.cpp(252,14): warning C4309: '=': truncation of constant value
C:\Users\yehia\source\repos\ConsoleApplication2\ConsoleApplication2\ConsoleApplication2.cpp(253,14): warning C4309: '=': truncation of constant value
C:\Users\yehia\source\repos\ConsoleApplication2\ConsoleApplication2\ConsoleApplication2.cpp(257,16): warning C4309: '=': truncation of constant value
C:\Users\yehia\source\repos\ConsoleApplication2\ConsoleApplication2\ConsoleApplication2.cpp(262,15): warning C4309: '=': truncation of constant value
C:\Users\yehia\source\repos\ConsoleApplication2\ConsoleApplication2\ConsoleApplication2.cpp(266,15): warning C4309: '=': truncation of constant value
C:\Users\yehia\source\repos\ConsoleApplication2\ConsoleApplication2\ConsoleApplication2.cpp(270,15): warning C4309: '=': truncation of constant value
C:\Users\yehia\source\repos\ConsoleApplication2\ConsoleApplication2\ConsoleApplication2.cpp(274,15): warning C4309: '=': truncation of constant value
C:\Users\yehia\source\repos\ConsoleApplication2\ConsoleApplication2\ConsoleApplication2.cpp(283,15): warning C4309: '=': truncation of constant value
C:\Users\yehia\source\repos\ConsoleApplication2\ConsoleApplication2\ConsoleApplication2.cpp(287,14): warning C4309: '=': truncation of constant value
C:\Users\yehia\source\repos\ConsoleApplication2\ConsoleApplication2\ConsoleApplication2.cpp(291,14): warning C4309: '=': truncation of constant value
C:\Users\yehia\source\repos\ConsoleApplication2\ConsoleApplication2\ConsoleApplication2.cpp(295,14): warning C4309: '=': truncation of constant value
C:\Users\yehia\source\repos\ConsoleApplication2\ConsoleApplication2\ConsoleApplication2.cpp(299,14): warning C4309: '=': truncation of constant value
C:\Users\yehia\source\repos\ConsoleApplication2\ConsoleApplication2\ConsoleApplication2.cpp(303,14): warning C4309: '=': truncation of constant value
C:\Users\yehia\source\repos\ConsoleApplication2\ConsoleApplication2\ConsoleApplication2.cpp(307,14): warning C4309: '=': truncation of constant value
C:\Users\yehia\source\repos\ConsoleApplication2\ConsoleApplication2\ConsoleApplication2.cpp(311,15): warning C4309: '=': truncation of constant value
C:\Users\yehia\source\repos\ConsoleApplication2\ConsoleApplication2\ConsoleApplication2.cpp(317,14): warning C4309: '=': truncation of constant value
C:\Users\yehia\source\repos\ConsoleApplication2\ConsoleApplication2\ConsoleApplication2.cpp(325,15): warning C4309: '=': truncation of constant value
C:\Users\yehia\source\repos\ConsoleApplication2\ConsoleApplication2\ConsoleApplication2.cpp(331,14): warning C4309: '=': truncation of constant value
C:\Users\yehia\source\repos\ConsoleApplication2\ConsoleApplication2\ConsoleApplication2.cpp(339,15): warning C4309: '=': truncation of constant value
C:\Users\yehia\source\repos\ConsoleApplication2\ConsoleApplication2\ConsoleApplication2.cpp(343,14): warning C4309: '=': truncation of constant value
C:\Users\yehia\source\repos\ConsoleApplication2\ConsoleApplication2\ConsoleApplication2.cpp(347,15): warning C4309: '=': truncation of constant value
C:\Users\yehia\source\repos\ConsoleApplication2\ConsoleApplication2\ConsoleApplication2.cpp(351,14): warning C4309: '=': truncation of constant value
C:\Users\yehia\source\repos\ConsoleApplication2\ConsoleApplication2\ConsoleApplication2.cpp(355,14): warning C4309: '=': truncation of constant value
C:\Users\yehia\source\repos\ConsoleApplication2\ConsoleApplication2\ConsoleApplication2.cpp(359,15): warning C4309: '=': truncation of constant value
C:\Users\yehia\source\repos\ConsoleApplication2\ConsoleApplication2\ConsoleApplication2.cpp(363,14): warning C4309: '=': truncation of constant value
C:\Users\yehia\source\repos\ConsoleApplication2\ConsoleApplication2\ConsoleApplication2.cpp(367,15): warning C4309: '=': truncation of constant value
C:\Users\yehia\source\repos\ConsoleApplication2\ConsoleApplication2\ConsoleApplication2.cpp(371,14): warning C4309: '=': truncation of constant value
C:\Users\yehia\source\repos\ConsoleApplication2\ConsoleApplication2\ConsoleApplication2.cpp(375,14): warning C4309: '=': truncation of constant value
C:\Users\yehia\source\repos\ConsoleApplication2\ConsoleApplication2\ConsoleApplication2.cpp(379,15): warning C4309: '=': truncation of constant value
C:\Users\yehia\source\repos\ConsoleApplication2\ConsoleApplication2\ConsoleApplication2.cpp(385,14): warning C4309: '=': truncation of constant value
C:\Users\yehia\source\repos\ConsoleApplication2\ConsoleApplication2\ConsoleApplication2.cpp(393,15): warning C4309: '=': truncation of constant value
C:\Users\yehia\source\repos\ConsoleApplication2\ConsoleApplication2\ConsoleApplication2.cpp(397,14): warning C4309: '=': truncation of constant value
C:\Users\yehia\source\repos\ConsoleApplication2\ConsoleApplication2\ConsoleApplication2.cpp(401,14): warning C4309: '=': truncation of constant value
C:\Users\yehia\source\repos\ConsoleApplication2\ConsoleApplication2\ConsoleApplication2.cpp(405,15): warning C4309: '=': truncation of constant value
C:\Users\yehia\source\repos\ConsoleApplication2\ConsoleApplication2\ConsoleApplication2.cpp(409,14): warning C4309: '=': truncation of constant value
C:\Users\yehia\source\repos\ConsoleApplication2\ConsoleApplication2\ConsoleApplication2.cpp(413,15): warning C4309: '=': truncation of constant value
C:\Users\yehia\source\repos\ConsoleApplication2\ConsoleApplication2\ConsoleApplication2.cpp(417,14): warning C4309: '=': truncation of constant value
C:\Users\yehia\source\repos\ConsoleApplication2\ConsoleApplication2\ConsoleApplication2.cpp(421,14): warning C4309: '=': truncation of constant value
C:\Users\yehia\source\repos\ConsoleApplication2\ConsoleApplication2\ConsoleApplication2.cpp(425,14): warning C4309: '=': truncation of constant value
C:\Users\yehia\source\repos\ConsoleApplication2\ConsoleApplication2\ConsoleApplication2.cpp(429,14): warning C4309: '=': truncation of constant value
C:\Users\yehia\source\repos\ConsoleApplication2\ConsoleApplication2\ConsoleApplication2.cpp(433,15): warning C4309: '=': truncation of constant value
C:\Users\yehia\source\repos\ConsoleApplication2\ConsoleApplication2\ConsoleApplication2.cpp(437,15): warning C4309: '=': truncation of constant value
C:\Users\yehia\source\repos\ConsoleApplication2\ConsoleApplication2\ConsoleApplication2.cpp(441,14): warning C4309: '=': truncation of constant value
C:\Users\yehia\source\repos\ConsoleApplication2\ConsoleApplication2\ConsoleApplication2.cpp(445,14): warning C4309: '=': truncation of constant value
C:\Users\yehia\source\repos\ConsoleApplication2\ConsoleApplication2\ConsoleApplication2.cpp(449,14): warning C4309: '=': truncation of constant value
C:\Users\yehia\source\repos\ConsoleApplication2\ConsoleApplication2\ConsoleApplication2.cpp(453,14): warning C4309: '=': truncation of constant value
C:\Users\yehia\source\repos\ConsoleApplication2\ConsoleApplication2\ConsoleApplication2.cpp(454,14): warning C4309: '=': truncation of constant value
C:\Users\yehia\source\repos\ConsoleApplication2\ConsoleApplication2\ConsoleApplication2.cpp(455,14): warning C4309: '=': truncation of constant value
C:\Users\yehia\source\repos\ConsoleApplication2\ConsoleApplication2\ConsoleApplication2.cpp(459,15): warning C4309: '=': truncation of constant value
C:\Users\yehia\source\repos\ConsoleApplication2\ConsoleApplication2\ConsoleApplication2.cpp(460,15): warning C4309: '=': truncation of constant value
C:\Users\yehia\source\repos\ConsoleApplication2\ConsoleApplication2\ConsoleApplication2.cpp(464,14): warning C4309: '=': truncation of constant value
C:\Users\yehia\source\repos\ConsoleApplication2\ConsoleApplication2\ConsoleApplication2.cpp(465,14): warning C4309: '=': truncation of constant value
C:\Users\yehia\source\repos\ConsoleApplication2\ConsoleApplication2\ConsoleApplication2.cpp(466,14): warning C4309: '=': truncation of constant value
C:\Users\yehia\source\repos\ConsoleApplication2\ConsoleApplication2\ConsoleApplication2.cpp(474,15): warning C4309: '=': truncation of constant value
C:\Users\yehia\source\repos\ConsoleApplication2\ConsoleApplication2\ConsoleApplication2.cpp(478,15): warning C4309: '=': truncation of constant value
C:\Users\yehia\source\repos\ConsoleApplication2\ConsoleApplication2\ConsoleApplication2.cpp(483,14): warning C4309: '=': truncation of constant value
C:\Users\yehia\source\repos\ConsoleApplication2\ConsoleApplication2\ConsoleApplication2.cpp(484,14): warning C4309: '=': truncation of constant value
C:\Users\yehia\source\repos\ConsoleApplication2\ConsoleApplication2\ConsoleApplication2.cpp(488,14): warning C4309: '=': truncation of constant value
C:\Users\yehia\source\repos\ConsoleApplication2\ConsoleApplication2\ConsoleApplication2.cpp(492,15): warning C4309: '=': truncation of constant value
C:\Users\yehia\source\repos\ConsoleApplication2\ConsoleApplication2\ConsoleApplication2.cpp(499,15): warning C4309: '=': truncation of constant value
C:\Users\yehia\source\repos\ConsoleApplication2\ConsoleApplication2\ConsoleApplication2.cpp(535,26): warning C4309: '=': truncation of constant value
C:\Users\yehia\source\repos\ConsoleApplication2\ConsoleApplication2\ConsoleApplication2.cpp(536,26): warning C4309: '=': truncation of constant value
C:\Users\yehia\source\repos\ConsoleApplication2\ConsoleApplication2\ConsoleApplication2.cpp(537,22): warning C4309: '=': truncation of constant value
C:\Users\yehia\source\repos\ConsoleApplication2\ConsoleApplication2\ConsoleApplication2.cpp(538,26): warning C4309: '=': truncation of constant value
C:\Users\yehia\source\repos\ConsoleApplication2\ConsoleApplication2\ConsoleApplication2.cpp(539,26): warning C4309: '=': truncation of constant value
C:\Users\yehia\source\repos\ConsoleApplication2\ConsoleApplication2\ConsoleApplication2.cpp(540,26): warning C4309: '=': truncation of constant value
C:\Users\yehia\source\repos\ConsoleApplication2\ConsoleApplication2\ConsoleApplication2.cpp(541,26): warning C4309: '=': truncation of constant value
C:\Users\yehia\source\repos\ConsoleApplication2\ConsoleApplication2\ConsoleApplication2.cpp(542,26): warning C4309: '=': truncation of constant value
C:\Users\yehia\source\repos\ConsoleApplication2\ConsoleApplication2\ConsoleApplication2.cpp(543,26): warning C4309: '=': truncation of constant value
C:\Users\yehia\source\repos\ConsoleApplication2\ConsoleApplication2\ConsoleApplication2.cpp(544,26): warning C4309: '=': truncation of constant value
C:\Users\yehia\source\repos\ConsoleApplication2\ConsoleApplication2\ConsoleApplication2.cpp(545,26): warning C4309: '=': truncation of constant value
C:\Users\yehia\source\repos\ConsoleApplication2\ConsoleApplication2\ConsoleApplication2.cpp(546,26): warning C4309: '=': truncation of constant value
C:\Users\yehia\source\repos\ConsoleApplication2\ConsoleApplication2\ConsoleApplication2.cpp(547,25): warning C4309: '=': truncation of constant value
C:\Users\yehia\source\repos\ConsoleApplication2\ConsoleApplication2\ConsoleApplication2.cpp(548,25): warning C4309: '=': truncation of constant value
C:\Users\yehia\source\repos\ConsoleApplication2\ConsoleApplication2\ConsoleApplication2.cpp(549,25): warning C4309: '=': truncation of constant value
C:\Users\yehia\source\repos\ConsoleApplication2\ConsoleApplication2\ConsoleApplication2.cpp(550,25): warning C4309: '=': truncation of constant value
C:\Users\yehia\source\repos\ConsoleApplication2\ConsoleApplication2\ConsoleApplication2.cpp(551,25): warning C4309: '=': truncation of constant value
C:\Users\yehia\source\repos\ConsoleApplication2\ConsoleApplication2\ConsoleApplication2.cpp(552,25): warning C4309: '=': truncation of constant value
C:\Users\yehia\source\repos\ConsoleApplication2\ConsoleApplication2\ConsoleApplication2.cpp(553,25): warning C4309: '=': truncation of constant value
C:\Users\yehia\source\repos\ConsoleApplication2\ConsoleApplication2\ConsoleApplication2.cpp(554,25): warning C4309: '=': truncation of constant value
C:\Users\yehia\source\repos\ConsoleApplication2\ConsoleApplication2\ConsoleApplication2.cpp(555,25): warning C4309: '=': truncation of constant value
C:\Users\yehia\source\repos\ConsoleApplication2\ConsoleApplication2\ConsoleApplication2.cpp(556,25): warning C4309: '=': truncation of constant value
C:\Users\yehia\source\repos\ConsoleApplication2\ConsoleApplication2\ConsoleApplication2.cpp(557,21): warning C4309: '=': truncation of constant value
C:\Users\yehia\source\repos\ConsoleApplication2\ConsoleApplication2\ConsoleApplication2.cpp(558,21): warning C4309: '=': truncation of constant value
C:\Users\yehia\source\repos\ConsoleApplication2\ConsoleApplication2\ConsoleApplication2.cpp(559,17): warning C4309: '=': truncation of constant value
C:\Users\yehia\source\repos\ConsoleApplication2\ConsoleApplication2\ConsoleApplication2.cpp(560,21): warning C4309: '=': truncation of constant value
C:\Users\yehia\source\repos\ConsoleApplication2\ConsoleApplication2\ConsoleApplication2.cpp(561,21): warning C4309: '=': truncation of constant value
C:\Users\yehia\source\repos\ConsoleApplication2\ConsoleApplication2\ConsoleApplication2.cpp(563,26): warning C4309: '=': truncation of constant value
C:\Users\yehia\source\repos\ConsoleApplication2\ConsoleApplication2\ConsoleApplication2.cpp(564,26): warning C4309: '=': truncation of constant value
C:\Users\yehia\source\repos\ConsoleApplication2\ConsoleApplication2\ConsoleApplication2.cpp(565,26): warning C4309: '=': truncation of constant value
C:\Users\yehia\source\repos\ConsoleApplication2\ConsoleApplication2\ConsoleApplication2.cpp(566,26): warning C4309: '=': truncation of constant value
C:\Users\yehia\source\repos\ConsoleApplication2\ConsoleApplication2\ConsoleApplication2.cpp(567,26): warning C4309: '=': truncation of constant value
C:\Users\yehia\source\repos\ConsoleApplication2\ConsoleApplication2\ConsoleApplication2.cpp(568,26): warning C4309: '=': truncation of constant value
C:\Users\yehia\source\repos\ConsoleApplication2\ConsoleApplication2\ConsoleApplication2.cpp(569,26): warning C4309: '=': truncation of constant value
C:\Users\yehia\source\repos\ConsoleApplication2\ConsoleApplication2\ConsoleApplication2.cpp(570,26): warning C4309: '=': truncation of constant value
C:\Users\yehia\source\repos\ConsoleApplication2\ConsoleApplication2\ConsoleApplication2.cpp(571,26): warning C4309: '=': truncation of constant value
C:\Users\yehia\source\repos\ConsoleApplication2\ConsoleApplication2\ConsoleApplication2.cpp(572,25): warning C4309: '=': truncation of constant value
C:\Users\yehia\source\repos\ConsoleApplication2\ConsoleApplication2\ConsoleApplication2.cpp(573,25): warning C4309: '=': truncation of constant value
C:\Users\yehia\source\repos\ConsoleApplication2\ConsoleApplication2\ConsoleApplication2.cpp(574,25): warning C4309: '=': truncation of constant value
C:\Users\yehia\source\repos\ConsoleApplication2\ConsoleApplication2\ConsoleApplication2.cpp(575,25): warning C4309: '=': truncation of constant value
C:\Users\yehia\source\repos\ConsoleApplication2\ConsoleApplication2\ConsoleApplication2.cpp(576,25): warning C4309: '=': truncation of constant value
C:\Users\yehia\source\repos\ConsoleApplication2\ConsoleApplication2\ConsoleApplication2.cpp(577,25): warning C4309: '=': truncation of constant value
C:\Users\yehia\source\repos\ConsoleApplication2\ConsoleApplication2\ConsoleApplication2.cpp(578,25): warning C4309: '=': truncation of constant value
C:\Users\yehia\source\repos\ConsoleApplication2\ConsoleApplication2\ConsoleApplication2.cpp(579,25): warning C4309: '=': truncation of constant value
C:\Users\yehia\source\repos\ConsoleApplication2\ConsoleApplication2\ConsoleApplication2.cpp(580,25): warning C4309: '=': truncation of constant value
C:\Users\yehia\source\repos\ConsoleApplication2\ConsoleApplication2\ConsoleApplication2.cpp(581,25): warning C4309: '=': truncation of constant value
C:\Users\yehia\source\repos\ConsoleApplication2\ConsoleApplication2\ConsoleApplication2.cpp(582,25): warning C4309: '=': truncation of constant value
C:\Users\yehia\source\repos\ConsoleApplication2\ConsoleApplication2\ConsoleApplication2.cpp(583,25): warning C4309: '=': truncation of constant value
C:\Users\yehia\source\repos\ConsoleApplication2\ConsoleApplication2\ConsoleApplication2.cpp(584,25): warning C4309: '=': truncation of constant value
C:\Users\yehia\source\repos\ConsoleApplication2\ConsoleApplication2\ConsoleApplication2.cpp(585,21): warning C4309: '=': truncation of constant value
C:\Users\yehia\source\repos\ConsoleApplication2\ConsoleApplication2\ConsoleApplication2.cpp(586,21): warning C4309: '=': truncation of constant value
C:\Users\yehia\source\repos\ConsoleApplication2\ConsoleApplication2\ConsoleApplication2.cpp(587,25): warning C4309: '=': truncation of constant value
C:\Users\yehia\source\repos\ConsoleApplication2\ConsoleApplication2\ConsoleApplication2.cpp(588,25): warning C4309: '=': truncation of constant value
C:\Users\yehia\source\repos\ConsoleApplication2\ConsoleApplication2\ConsoleApplication2.cpp(589,26): warning C4309: '=': truncation of constant value
C:\Users\yehia\source\repos\ConsoleApplication2\ConsoleApplication2\ConsoleApplication2.cpp(590,26): warning C4309: '=': truncation of constant value
C:\Users\yehia\source\repos\ConsoleApplication2\ConsoleApplication2\ConsoleApplication2.cpp(591,25): warning C4309: '=': truncation of constant value
C:\Users\yehia\source\repos\ConsoleApplication2\ConsoleApplication2\ConsoleApplication2.cpp(592,21): warning C4309: '=': truncation of constant value
C:\Users\yehia\source\repos\ConsoleApplication2\ConsoleApplication2\ConsoleApplication2.cpp(593,21): warning C4309: '=': truncation of constant value
C:\Users\yehia\source\repos\ConsoleApplication2\ConsoleApplication2\ConsoleApplication2.cpp(594,22): warning C4309: '=': truncation of constant value
C:\Users\yehia\source\repos\ConsoleApplication2\ConsoleApplication2\ConsoleApplication2.cpp(595,25): warning C4309: '=': truncation of constant value
C:\Users\yehia\source\repos\ConsoleApplication2\ConsoleApplication2\ConsoleApplication2.cpp(596,26): warning C4309: '=': truncation of constant value
C:\Users\yehia\source\repos\ConsoleApplication2\ConsoleApplication2\ConsoleApplication2.cpp(597,25): warning C4309: '=': truncation of constant value
C:\Users\yehia\source\repos\ConsoleApplication2\ConsoleApplication2\ConsoleApplication2.cpp(598,25): warning C4309: '=': truncation of constant value
C:\Users\yehia\source\repos\ConsoleApplication2\ConsoleApplication2\ConsoleApplication2.cpp(599,25): warning C4309: '=': truncation of constant value
C:\Users\yehia\source\repos\ConsoleApplication2\ConsoleApplication2\ConsoleApplication2.cpp(600,25): warning C4309: '=': truncation of constant value
C:\Users\yehia\source\repos\ConsoleApplication2\ConsoleApplication2\ConsoleApplication2.cpp(601,25): warning C4309: '=': truncation of constant value
C:\Users\yehia\source\repos\ConsoleApplication2\ConsoleApplication2\ConsoleApplication2.cpp(690,21): warning C4309: '=': truncation of constant value
C:\Users\yehia\source\repos\ConsoleApplication2\ConsoleApplication2\ConsoleApplication2.cpp(692,21): warning C4309: '=': truncation of constant value
C:\Users\yehia\source\repos\ConsoleApplication2\ConsoleApplication2\ConsoleApplication2.cpp(749,19): warning C4309: '=': truncation of constant value
C:\Users\yehia\source\repos\ConsoleApplication2\ConsoleApplication2\ConsoleApplication2.cpp(750,23): warning C4309: '=': truncation of constant value
C:\Users\yehia\source\repos\ConsoleApplication2\ConsoleApplication2\ConsoleApplication2.cpp(751,23): warning C4309: '=': truncation of constant value
C:\Users\yehia\source\repos\ConsoleApplication2\ConsoleApplication2\ConsoleApplication2.cpp(758,19): warning C4309: '=': truncation of constant value
C:\Users\yehia\source\repos\ConsoleApplication2\ConsoleApplication2\ConsoleApplication2.cpp(759,23): warning C4309: '=': truncation of constant value
C:\Users\yehia\source\repos\ConsoleApplication2\ConsoleApplication2\ConsoleApplication2.cpp(760,23): warning C4309: '=': truncation of constant value
C:\Users\yehia\source\repos\ConsoleApplication2\ConsoleApplication2\ConsoleApplication2.cpp(841,1): warning C4326: return type of 'main' should be 'int' instead of 'void'
  ConsoleApplication2.vcxproj -> C:\Users\yehia\source\repos\ConsoleApplication2\x64\Debug\ConsoleApplication2.exe
